android/app/build/intermediates/manifest_merge_blame_file/release/manifest-merger-blame-release-report.txt
1<?xml version="1.0" encoding="utf-8"?>
2<manifest xmlns:android="http://schemas.android.com/apk/res/android"
3    package="com.webview"
4    android:versionCode="1"
5    android:versionName="1.0" >
6
7    <uses-sdk
8        android:minSdkVersion="21"
8-->src\main\AndroidManifest.xml
9        android:targetSdkVersion="31" />
9-->src\main\AndroidManifest.xml
10
11    <uses-permission android:name="android.permission.INTERNET" />
11-->src\main\AndroidManifest.xml:4:5-67
11-->src\main\AndroidManifest.xml:4:22-64
12
13    <application
13-->src\main\AndroidManifest.xml:6:5-24:19
14        android:name="com.webview.MainApplication"
14-->src\main\AndroidManifest.xml:7:7-38
15        android:allowBackup="false"
15-->src\main\AndroidManifest.xml:10:7-34
16        android:appComponentFactory="androidx.core.app.CoreComponentFactory"
16-->[androidx.core:core:1.7.0] AndroidManifest.xml:24:18-86
17        android:icon="@mipmap/ic_launcher"
17-->src\main\AndroidManifest.xml:9:7-41
18        android:label="@string/app_name"
18-->src\main\AndroidManifest.xml:8:7-39
19        android:theme="@style/AppTheme" >
19-->src\main\AndroidManifest.xml:11:7-38
20        <activity
20-->src\main\AndroidManifest.xml:12:7-23:18
21            android:name="com.webview.MainActivity"
21-->src\main\AndroidManifest.xml:13:9-37
22            android:configChanges="keyboard|keyboardHidden|orientation|screenLayout|screenSize|smallestScreenSize|uiMode"
22-->src\main\AndroidManifest.xml:15:9-118
23            android:exported="true"
23-->src\main\AndroidManifest.xml:18:9-32
24            android:label="@string/app_name"
24-->src\main\AndroidManifest.xml:14:9-41
25            android:launchMode="singleTask"
25-->src\main\AndroidManifest.xml:16:9-40
26            android:windowSoftInputMode="adjustResize" >
26-->src\main\AndroidManifest.xml:17:9-51
27            <intent-filter>
27-->src\main\AndroidManifest.xml:19:9-22:25
28                <action android:name="android.intent.action.MAIN" />
28-->src\main\AndroidManifest.xml:20:13-65
28-->src\main\AndroidManifest.xml:20:21-62
29
30                <category android:name="android.intent.category.LAUNCHER" />
30-->src\main\AndroidManifest.xml:21:13-73
30-->src\main\AndroidManifest.xml:21:23-70
31            </intent-filter>
32        </activity>
33
34        <provider
34-->[:react-native-webview] AndroidManifest.xml:10:9-18:20
35            android:name="com.reactnativecommunity.webview.RNCWebViewFileProvider"
35-->[:react-native-webview] AndroidManifest.xml:11:13-83
36            android:authorities="com.webview.fileprovider"
36-->[:react-native-webview] AndroidManifest.xml:12:13-64
37            android:exported="false"
37-->[:react-native-webview] AndroidManifest.xml:13:13-37
38            android:grantUriPermissions="true" >
38-->[:react-native-webview] AndroidManifest.xml:14:13-47
39            <meta-data
39-->[:react-native-webview] AndroidManifest.xml:15:13-17:63
40                android:name="android.support.FILE_PROVIDER_PATHS"
40-->[:react-native-webview] AndroidManifest.xml:16:17-67
41                android:resource="@xml/file_provider_paths" />
41-->[:react-native-webview] AndroidManifest.xml:17:17-60
42        </provider>
43        <provider
43-->[androidx.emoji2:emoji2:1.0.0] AndroidManifest.xml:26:9-34:20
44            android:name="androidx.startup.InitializationProvider"
44-->[androidx.emoji2:emoji2:1.0.0] AndroidManifest.xml:27:13-67
45            android:authorities="com.webview.androidx-startup"
45-->[androidx.emoji2:emoji2:1.0.0] AndroidManifest.xml:28:13-68
46            android:exported="false" >
46-->[androidx.emoji2:emoji2:1.0.0] AndroidManifest.xml:29:13-37
47            <meta-data
47-->[androidx.emoji2:emoji2:1.0.0] AndroidManifest.xml:31:13-33:52
48                android:name="androidx.emoji2.text.EmojiCompatInitializer"
48-->[androidx.emoji2:emoji2:1.0.0] AndroidManifest.xml:32:17-75
49                android:value="androidx.startup" />
49-->[androidx.emoji2:emoji2:1.0.0] AndroidManifest.xml:33:17-49
50            <meta-data
50-->[androidx.lifecycle:lifecycle-process:2.4.0] AndroidManifest.xml:31:13-33:52
51                android:name="androidx.lifecycle.ProcessLifecycleInitializer"
51-->[androidx.lifecycle:lifecycle-process:2.4.0] AndroidManifest.xml:32:17-78
52                android:value="androidx.startup" />
52-->[androidx.lifecycle:lifecycle-process:2.4.0] AndroidManifest.xml:33:17-49
53        </provider>
54    </application>
55
56</manifest>